<?xml version="1.0" encoding="UTF-8"?>
<!-- Generated by org.testng.reporters.JUnitReportReporter -->
<testsuite hostname="dell-PC" name="com.ccigmall.services.impl.ScheduleServices" tests="1" failures="0" timestamp="15 Apr 2015 07:04:31 GMT" time="2.625" errors="0">
  <testcase name="execCommandFile" time="2.625" classname="com.ccigmall.services.impl.ScheduleServices"/>
</testsuite> <!-- com.ccigmall.services.impl.ScheduleServices -->
